Using pre-set license
Built from '2020.3/release' branch; Version is '2020.3.1f1 (77a89f25062f) revision 7841951'; Using compiler version '192528614'; Build Type 'Release'
OS: 'Windows 10 Home; OS build 19041.867; Version 2004; 64bit' Language: 'pl' Physical Memory: 16342 MB
BatchMode: 1, IsHumanControllingUs: 0, StartBugReporterOnCrash: 0, Is64bit: 1, IsPro: 0

 COMMAND LINE ARGUMENTS:
G:\2020.3.1f1\Editor\Unity.exe
-adb2
-batchMode
-noUpm
-name
AssetImportWorker0
-projectPath
C:/Users/Genialny2000/Documents/GitHub/Wicher-v1/Wicher-v1
-logFile
Logs/AssetImportWorker0.log
-srvPort
52740
Successfully changed project path to: C:/Users/Genialny2000/Documents/GitHub/Wicher-v1/Wicher-v1
C:/Users/Genialny2000/Documents/GitHub/Wicher-v1/Wicher-v1
Using Asset Import Pipeline V2.
Refreshing native plugins compatible for Editor in 46.61 ms, found 1 plugins.
Preloading 0 native plugins for Editor in 0.00 ms.
Initialize engine version: 2020.3.1f1 (77a89f25062f)
[Subsystems] Discovering subsystems at path G:/2020.3.1f1/Editor/Data/Resources/UnitySubsystems
[Subsystems] Discovering subsystems at path C:/Users/Genialny2000/Documents/GitHub/Wicher-v1/Wicher-v1/Assets
GfxDevice: creating device client; threaded=0
Direct3D:
    Version:  Direct3D 11.0 [level 11.1]
    Renderer: NVIDIA GeForce GTX 1060 6GB (ID=0x1c03)
    Vendor:   
    VRAM:     6052 MB
    Driver:   27.21.14.5671
Initialize mono
Mono path[0] = 'G:/2020.3.1f1/Editor/Data/Managed'
Mono path[1] = 'G:/2020.3.1f1/Editor/Data/MonoBleedingEdge/lib/mono/unityjit'
Mono config path = 'G:/2020.3.1f1/Editor/Data/MonoBleedingEdge/etc'
Using monoOptions --debugger-agent=transport=dt_socket,embedding=1,server=y,suspend=n,address=127.0.0.1:56896
Begin MonoManager ReloadAssembly
Registering precompiled unity dll's ...
Register platform support module: G:/2020.3.1f1/Editor/Data/PlaybackEngines/WebGLSupport/UnityEditor.WebGL.Extensions.dll
Register platform support module: G:/2020.3.1f1/Editor/Data/PlaybackEngines/WindowsStandaloneSupport/UnityEditor.WindowsStandalone.Extensions.dll
Registered in 0.001251 seconds.
Native extension for WindowsStandalone target not found
Native extension for WebGL target not found
Refreshing native plugins compatible for Editor in 40.63 ms, found 1 plugins.
Preloading 0 native plugins for Editor in 0.00 ms.
Invoked RoslynAnalysisRunner static constructor.
RoslynAnalysisRunner will not be running.
RoslynAnalysisRunner has terminated.
Mono: successfully reloaded assembly
- Completed reload, in  1.189 seconds
Platform modules already initialized, skipping
Registering precompiled user dll's ...
Registered in 0.001135 seconds.
Begin MonoManager ReloadAssembly
Native extension for WindowsStandalone target not found
Native extension for WebGL target not found
Refreshing native plugins compatible for Editor in 39.39 ms, found 1 plugins.
Preloading 0 native plugins for Editor in 0.00 ms.
Invoked RoslynAnalysisRunner static constructor.
RoslynAnalysisRunner will not be running.
RoslynAnalysisRunner has terminated.
Mono: successfully reloaded assembly
- Completed reload, in  0.771 seconds
Platform modules already initialized, skipping
========================================================================
Worker process is ready to serve import requests
Launched and connected shader compiler UnityShaderCompiler.exe after 0.06 seconds
Refreshing native plugins compatible for Editor in 0.40 ms, found 1 plugins.
Preloading 0 native plugins for Editor in 0.00 ms.
Unloading 1869 Unused Serialized files (Serialized files now loaded: 0)
System memory in use before: 88.1 MB.
System memory in use after: 88.0 MB.

Unloading 24 unused Assets to reduce memory usage. Loaded Objects now: 2314.
Total: 2.148200 ms (FindLiveObjects: 0.173900 ms CreateObjectMapping: 0.089400 ms MarkObjects: 1.678100 ms  DeleteObjects: 0.205600 ms)

========================================================================
Received Import Request.
  path: Assets/MainMixer.mixer
  artifactKey: Guid(bbaa7373057543a4ea5cd0068c8586ff) Importer(815301076,1909f56bfc062723c751e8b465ee728b)
Start importing Assets/MainMixer.mixer using Guid(bbaa7373057543a4ea5cd0068c8586ff) Importer(815301076,1909f56bfc062723c751e8b465ee728b)  -> (artifact id: '59a07123730787fe3f57dbc173b54f84') in 0.039523 seconds
  Import took 0.041942 seconds .

========================================================================
Received Import Request.
  Time since last request: 0.000332 seconds.
  path: Assets/ka1.ttf
  artifactKey: Guid(8e8c55c56fb6ce44ba31d41bd2c3a959) Importer(815301076,1909f56bfc062723c751e8b465ee728b)
Start importing Assets/ka1.ttf using Guid(8e8c55c56fb6ce44ba31d41bd2c3a959) Importer(815301076,1909f56bfc062723c751e8b465ee728b)  -> (artifact id: '77c00aebaf8077f3651ad6ac4785d9d4') in 0.084595 seconds
  Import took 0.086833 seconds .

========================================================================
Received Import Request.
  Time since last request: 39.481966 seconds.
  path: Assets/Skrypty/DialogueManager.cs
  artifactKey: Guid(52ced372fe915d849b3a40a567dadca5) Importer(815301076,1909f56bfc062723c751e8b465ee728b)
Start importing Assets/Skrypty/DialogueManager.cs using Guid(52ced372fe915d849b3a40a567dadca5) Importer(815301076,1909f56bfc062723c751e8b465ee728b)  -> (artifact id: 'f0992e958a85b7d36b1af381c3764e7e') in 0.004243 seconds
  Import took 0.006976 seconds .

========================================================================
Received Import Request.
  Time since last request: 0.021582 seconds.
  path: Assets/Skrypty/DialogueManager.cs
  artifactKey: Guid(52ced372fe915d849b3a40a567dadca5) Importer(815301076,1909f56bfc062723c751e8b465ee728b)
Start importing Assets/Skrypty/DialogueManager.cs using Guid(52ced372fe915d849b3a40a567dadca5) Importer(815301076,1909f56bfc062723c751e8b465ee728b)  -> (artifact id: 'f0992e958a85b7d36b1af381c3764e7e') in 0.001840 seconds
  Import took 0.005811 seconds .

========================================================================
Received Import Request.
  Time since last request: 9.178645 seconds.
  path: Assets/Skrypty/Dialogue.cs
  artifactKey: Guid(fa5d12ecda08285429646312defb7637) Importer(815301076,1909f56bfc062723c751e8b465ee728b)
Start importing Assets/Skrypty/Dialogue.cs using Guid(fa5d12ecda08285429646312defb7637) Importer(815301076,1909f56bfc062723c751e8b465ee728b)  -> (artifact id: 'c7c354f3009c94530682bfd319f79275') in 0.002378 seconds
  Import took 0.005284 seconds .

========================================================================
Received Import Request.
  Time since last request: 1.305557 seconds.
  path: Assets/Skrypty/Dialog.cs
  artifactKey: Guid(1b9c9e811ab245046b1b045bd8513e61) Importer(815301076,1909f56bfc062723c751e8b465ee728b)
Start importing Assets/Skrypty/Dialog.cs using Guid(1b9c9e811ab245046b1b045bd8513e61) Importer(815301076,1909f56bfc062723c751e8b465ee728b)  -> (artifact id: 'b2bb05165d2871c7da09099efd7f4fb0') in 0.001939 seconds
  Import took 0.004415 seconds .

========================================================================
Received Import Request.
  Time since last request: 28.835574 seconds.
  path: Assets/Skrypty/DialogueTrigger.cs
  artifactKey: Guid(00ddd33eae28b5148a72170d47ccd942) Importer(815301076,1909f56bfc062723c751e8b465ee728b)
Start importing Assets/Skrypty/DialogueTrigger.cs using Guid(00ddd33eae28b5148a72170d47ccd942) Importer(815301076,1909f56bfc062723c751e8b465ee728b)  -> (artifact id: '18299fdedab50ecb0f5b834010a23f60') in 0.001773 seconds
  Import took 0.004565 seconds .

========================================================================
Received Prepare
Registering precompiled user dll's ...
Registered in 0.000968 seconds.
Begin MonoManager ReloadAssembly
Native extension for WindowsStandalone target not found
Native extension for WebGL target not found
Refreshing native plugins compatible for Editor in 0.44 ms, found 1 plugins.
Preloading 0 native plugins for Editor in 0.00 ms.
Invoked RoslynAnalysisRunner static constructor.
RoslynAnalysisRunner will not be running.
RoslynAnalysisRunner has terminated.
Mono: successfully reloaded assembly
- Completed reload, in  0.717 seconds
Platform modules already initialized, skipping
Refreshing native plugins compatible for Editor in 0.44 ms, found 1 plugins.
Preloading 0 native plugins for Editor in 0.00 ms.
Unloading 1847 Unused Serialized files (Serialized files now loaded: 0)
System memory in use before: 90.4 MB.
System memory in use after: 90.4 MB.

Unloading 16 unused Assets to reduce memory usage. Loaded Objects now: 2358.
Total: 1.920100 ms (FindLiveObjects: 0.204200 ms CreateObjectMapping: 0.061500 ms MarkObjects: 1.521600 ms  DeleteObjects: 0.131700 ms)

========================================================================
Received Prepare
Registering precompiled user dll's ...
Registered in 0.000950 seconds.
Begin MonoManager ReloadAssembly
Native extension for WindowsStandalone target not found
Native extension for WebGL target not found
Refreshing native plugins compatible for Editor in 0.43 ms, found 1 plugins.
Preloading 0 native plugins for Editor in 0.00 ms.
Invoked RoslynAnalysisRunner static constructor.
RoslynAnalysisRunner will not be running.
RoslynAnalysisRunner has terminated.
Mono: successfully reloaded assembly
- Completed reload, in  0.687 seconds
Platform modules already initialized, skipping
Refreshing native plugins compatible for Editor in 0.41 ms, found 1 plugins.
Preloading 0 native plugins for Editor in 0.00 ms.
Unloading 1850 Unused Serialized files (Serialized files now loaded: 0)
System memory in use before: 90.5 MB.
System memory in use after: 90.5 MB.

Unloading 12 unused Assets to reduce memory usage. Loaded Objects now: 2365.
Total: 2.095300 ms (FindLiveObjects: 0.201300 ms CreateObjectMapping: 0.057900 ms MarkObjects: 1.686300 ms  DeleteObjects: 0.149000 ms)

========================================================================
Received Prepare
Registering precompiled user dll's ...
Registered in 0.000984 seconds.
Begin MonoManager ReloadAssembly
Native extension for WindowsStandalone target not found
Native extension for WebGL target not found
Refreshing native plugins compatible for Editor in 0.41 ms, found 1 plugins.
Preloading 0 native plugins for Editor in 0.00 ms.
Invoked RoslynAnalysisRunner static constructor.
RoslynAnalysisRunner will not be running.
RoslynAnalysisRunner has terminated.
Mono: successfully reloaded assembly
- Completed reload, in  0.672 seconds
Platform modules already initialized, skipping
Refreshing native plugins compatible for Editor in 0.41 ms, found 1 plugins.
Preloading 0 native plugins for Editor in 0.00 ms.
Unloading 1850 Unused Serialized files (Serialized files now loaded: 0)
System memory in use before: 90.6 MB.
System memory in use after: 90.5 MB.

Unloading 12 unused Assets to reduce memory usage. Loaded Objects now: 2369.
Total: 1.961200 ms (FindLiveObjects: 0.180800 ms CreateObjectMapping: 0.066800 ms MarkObjects: 1.505400 ms  DeleteObjects: 0.207100 ms)

========================================================================
Received Import Request.
  Time since last request: 176.128302 seconds.
  path: Assets/Images/banerfacebook.png
  artifactKey: Guid(07294cc8696b2874ca9594d8b9d0f3da) Importer(815301076,1909f56bfc062723c751e8b465ee728b)
Start importing Assets/Images/banerfacebook.png using Guid(07294cc8696b2874ca9594d8b9d0f3da) Importer(815301076,1909f56bfc062723c751e8b465ee728b)  -> (artifact id: '0f2e3973de8dbba149cc225e0a5665ad') in 0.050424 seconds
  Import took 0.053124 seconds .

========================================================================
Received Import Request.
  Time since last request: 0.000271 seconds.
  path: Assets/Images/leftR.png
  artifactKey: Guid(12c65f427e6aa4c45b086643ec207af8) Importer(815301076,1909f56bfc062723c751e8b465ee728b)
Start importing Assets/Images/leftR.png using Guid(12c65f427e6aa4c45b086643ec207af8) Importer(815301076,1909f56bfc062723c751e8b465ee728b)  -> (artifact id: 'a51ec83d9424022f7fa44d9e7409f54a') in 0.007382 seconds
  Import took 0.009649 seconds .

========================================================================
Received Import Request.
  Time since last request: 0.000280 seconds.
  path: Assets/Images/Fabryka.jpg
  artifactKey: Guid(206c90415eabd3d42aad0f1efabed5b4) Importer(815301076,1909f56bfc062723c751e8b465ee728b)
Start importing Assets/Images/Fabryka.jpg using Guid(206c90415eabd3d42aad0f1efabed5b4) Importer(815301076,1909f56bfc062723c751e8b465ee728b)  -> (artifact id: '53bbd75529a045e2fda77b4b0d780eb7') in 0.017021 seconds
  Import took 0.019983 seconds .

========================================================================
Received Import Request.
  Time since last request: 0.000319 seconds.
  path: Assets/Images/itemki.jpg
  artifactKey: Guid(a21a05339760fc94ca7d8b39db464aa0) Importer(815301076,1909f56bfc062723c751e8b465ee728b)
Start importing Assets/Images/itemki.jpg using Guid(a21a05339760fc94ca7d8b39db464aa0) Importer(815301076,1909f56bfc062723c751e8b465ee728b)  -> (artifact id: '87a6e40472a267c18836c0a4ae7e562a') in 0.010850 seconds
  Import took 0.014128 seconds .

========================================================================
Received Import Request.
  Time since last request: 0.000287 seconds.
  path: Assets/Images/leftS.png
  artifactKey: Guid(9df6bc4de126ca64bbf0ce9e579bbb8f) Importer(815301076,1909f56bfc062723c751e8b465ee728b)
Start importing Assets/Images/leftS.png using Guid(9df6bc4de126ca64bbf0ce9e579bbb8f) Importer(815301076,1909f56bfc062723c751e8b465ee728b)  -> (artifact id: 'd6226cccd2c7efaec941b99b280ed3cb') in 0.008324 seconds
  Import took 0.011112 seconds .

========================================================================
Received Import Request.
  Time since last request: 0.000275 seconds.
  path: Assets/Images/Krowa.jpg
  artifactKey: Guid(aaf884b937e4f204a863d74b43c81a62) Importer(815301076,1909f56bfc062723c751e8b465ee728b)
Start importing Assets/Images/Krowa.jpg using Guid(aaf884b937e4f204a863d74b43c81a62) Importer(815301076,1909f56bfc062723c751e8b465ee728b)  -> (artifact id: '601fd6abc951d76f5b2de74ff96cdcb3') in 0.016611 seconds
  Import took 0.019055 seconds .

========================================================================
Received Import Request.
  Time since last request: 0.000359 seconds.
  path: Assets/Images/Ogród.jpg
  artifactKey: Guid(adf91de679ae71b43bc7c86221582972) Importer(815301076,1909f56bfc062723c751e8b465ee728b)
Start importing Assets/Images/Ogród.jpg using Guid(adf91de679ae71b43bc7c86221582972) Importer(815301076,1909f56bfc062723c751e8b465ee728b)  -> (artifact id: '662df99e6504f97e5fab81fe7c805cbf') in 0.010404 seconds
  Import took 0.012985 seconds .

========================================================================
Received Import Request.
  Time since last request: 0.000322 seconds.
  path: Assets/Images/menutło1.png
  artifactKey: Guid(7ec8980efea043d46ada302e73ade140) Importer(815301076,1909f56bfc062723c751e8b465ee728b)
Start importing Assets/Images/menutło1.png using Guid(7ec8980efea043d46ada302e73ade140) Importer(815301076,1909f56bfc062723c751e8b465ee728b)  -> (artifact id: '8541e967030a31894384dcd1be3234b9') in 0.014790 seconds
  Import took 0.017854 seconds .

========================================================================
Received Import Request.
  Time since last request: 0.000264 seconds.
  path: Assets/Images/log.png
  artifactKey: Guid(923bacf719c20ec47bc15269bb0b524f) Importer(815301076,1909f56bfc062723c751e8b465ee728b)
Start importing Assets/Images/log.png using Guid(923bacf719c20ec47bc15269bb0b524f) Importer(815301076,1909f56bfc062723c751e8b465ee728b)  -> (artifact id: 'a5a64d5a9513ee521f12c31e549ebe60') in 0.009531 seconds
  Import took 0.012042 seconds .

========================================================================
Received Import Request.
  Time since last request: 0.000283 seconds.
  path: Assets/Images/NPC_test.png
  artifactKey: Guid(b9f76d7f213f6b1479c105d6ec2ced7c) Importer(815301076,1909f56bfc062723c751e8b465ee728b)
Start importing Assets/Images/NPC_test.png using Guid(b9f76d7f213f6b1479c105d6ec2ced7c) Importer(815301076,1909f56bfc062723c751e8b465ee728b)  -> (artifact id: '5ba6c9a05eb77e583bc6caffb9d591b2') in 0.007931 seconds
  Import took 0.010700 seconds .

========================================================================
Received Import Request.
  Time since last request: 0.000252 seconds.
  path: Assets/Images/character.png
  artifactKey: Guid(2b5a92218750b104f9c2d814a584c351) Importer(815301076,1909f56bfc062723c751e8b465ee728b)
Start importing Assets/Images/character.png using Guid(2b5a92218750b104f9c2d814a584c351) Importer(815301076,1909f56bfc062723c751e8b465ee728b)  -> (artifact id: 'd51f4eac023d9114fa62481e47abdc6f') in 0.010238 seconds
  Import took 0.012758 seconds .

========================================================================
Received Import Request.
  Time since last request: 0.000263 seconds.
  path: Assets/Images/downL.png
  artifactKey: Guid(d81c8e252d90f914398398376f51eb84) Importer(815301076,1909f56bfc062723c751e8b465ee728b)
Start importing Assets/Images/downL.png using Guid(d81c8e252d90f914398398376f51eb84) Importer(815301076,1909f56bfc062723c751e8b465ee728b)  -> (artifact id: '2e890247602d4aa46a03bcf5d4d2d013') in 0.007457 seconds
  Import took 0.010042 seconds .

========================================================================
Received Import Request.
  Time since last request: 0.000283 seconds.
  path: Assets/Images/downS.png
  artifactKey: Guid(b49b3589c8f437a44a6740771396e10c) Importer(815301076,1909f56bfc062723c751e8b465ee728b)
Start importing Assets/Images/downS.png using Guid(b49b3589c8f437a44a6740771396e10c) Importer(815301076,1909f56bfc062723c751e8b465ee728b)  -> (artifact id: '59152918c5b2bc8281541beb9235352b') in 0.007920 seconds
  Import took 0.010910 seconds .

========================================================================
Received Import Request.
  Time since last request: 0.000278 seconds.
  path: Assets/Images/font.png
  artifactKey: Guid(552f8c47beb1ce9479ba7efe0f80889d) Importer(815301076,1909f56bfc062723c751e8b465ee728b)
Start importing Assets/Images/font.png using Guid(552f8c47beb1ce9479ba7efe0f80889d) Importer(815301076,1909f56bfc062723c751e8b465ee728b)  -> (artifact id: '3a85b1d20e6f611bb8da73572d81df85') in 0.009832 seconds
  Import took 0.012315 seconds .

========================================================================
Received Import Request.
  Time since last request: 0.000237 seconds.
  path: Assets/Images/downR.png
  artifactKey: Guid(471a8e304a5fce44b808261d1841fe26) Importer(815301076,1909f56bfc062723c751e8b465ee728b)
Start importing Assets/Images/downR.png using Guid(471a8e304a5fce44b808261d1841fe26) Importer(815301076,1909f56bfc062723c751e8b465ee728b)  -> (artifact id: '9b427dd184e728ec021f94c70b4baf5d') in 0.008261 seconds
  Import took 0.010837 seconds .

========================================================================
Received Import Request.
  Time since last request: 0.000253 seconds.
  path: Assets/Images/logoo.png
  artifactKey: Guid(cd60e2aa9aeb91c4b8d808bf6a6194fd) Importer(815301076,1909f56bfc062723c751e8b465ee728b)
Start importing Assets/Images/logoo.png using Guid(cd60e2aa9aeb91c4b8d808bf6a6194fd) Importer(815301076,1909f56bfc062723c751e8b465ee728b)  -> (artifact id: 'fd2efdab1a73301deb6eaf9782810fc9') in 0.011124 seconds
  Import took 0.014313 seconds .

========================================================================
Received Import Request.
  Time since last request: 0.000287 seconds.
  path: Assets/Images/Inner.png
  artifactKey: Guid(b465b8ebcd1624043809692246b4f1b1) Importer(815301076,1909f56bfc062723c751e8b465ee728b)
Start importing Assets/Images/Inner.png using Guid(b465b8ebcd1624043809692246b4f1b1) Importer(815301076,1909f56bfc062723c751e8b465ee728b)  -> (artifact id: '8ca65adc779cb3098607cce546b8fb6e') in 0.008724 seconds
  Import took 0.011337 seconds .

========================================================================
Received Import Request.
  Time since last request: 0.000273 seconds.
  path: Assets/Images/cave.png
  artifactKey: Guid(22fb00ffe7ce2974f963c9a21aa2700e) Importer(815301076,1909f56bfc062723c751e8b465ee728b)
Start importing Assets/Images/cave.png using Guid(22fb00ffe7ce2974f963c9a21aa2700e) Importer(815301076,1909f56bfc062723c751e8b465ee728b)  -> (artifact id: '8b3a795a52e563f5fca006d119027975') in 0.007910 seconds
  Import took 0.010302 seconds .

========================================================================
Received Import Request.
  Time since last request: 0.000296 seconds.
  path: Assets/Images/menubackground.jpg
  artifactKey: Guid(ed6bc15c431687a4789181a6e32a129b) Importer(815301076,1909f56bfc062723c751e8b465ee728b)
Start importing Assets/Images/menubackground.jpg using Guid(ed6bc15c431687a4789181a6e32a129b) Importer(815301076,1909f56bfc062723c751e8b465ee728b)  -> (artifact id: '7fbfaedc5f04da3bd549563b2afb533a') in 0.029552 seconds
  Import took 0.031957 seconds .

========================================================================
Received Import Request.
  Time since last request: 0.000290 seconds.
  path: Assets/Images/coin1.png
  artifactKey: Guid(af9925872d6cfcb4e8f9ed176ab2940d) Importer(815301076,1909f56bfc062723c751e8b465ee728b)
Start importing Assets/Images/coin1.png using Guid(af9925872d6cfcb4e8f9ed176ab2940d) Importer(815301076,1909f56bfc062723c751e8b465ee728b)  -> (artifact id: '0ce78ef65998e60c287f1a0dea26c8a2') in 0.009119 seconds
  Import took 0.012285 seconds .

========================================================================
Received Import Request.
  Time since last request: 0.000295 seconds.
  path: Assets/Images/leftL.png
  artifactKey: Guid(a673cc2fc83a4084b86fbf1538748d37) Importer(815301076,1909f56bfc062723c751e8b465ee728b)
Start importing Assets/Images/leftL.png using Guid(a673cc2fc83a4084b86fbf1538748d37) Importer(815301076,1909f56bfc062723c751e8b465ee728b)  -> (artifact id: 'a3d0f114e9c3dcf72c36326ba4a38c13') in 0.006780 seconds
  Import took 0.010170 seconds .

========================================================================
Received Import Request.
  Time since last request: 0.000277 seconds.
  path: Assets/Images/objects.png
  artifactKey: Guid(3c3fff1871306d34086ad143422a0cac) Importer(815301076,1909f56bfc062723c751e8b465ee728b)
Start importing Assets/Images/objects.png using Guid(3c3fff1871306d34086ad143422a0cac) Importer(815301076,1909f56bfc062723c751e8b465ee728b)  -> (artifact id: '45760fa9b62bfd36cc4ea6d193890223') in 0.010040 seconds
  Import took 0.013392 seconds .

========================================================================
Received Prepare
Registering precompiled user dll's ...
Registered in 0.001060 seconds.
Begin MonoManager ReloadAssembly
Native extension for WindowsStandalone target not found
Native extension for WebGL target not found
Refreshing native plugins compatible for Editor in 0.42 ms, found 1 plugins.
Preloading 0 native plugins for Editor in 0.00 ms.
Invoked RoslynAnalysisRunner static constructor.
RoslynAnalysisRunner will not be running.
RoslynAnalysisRunner has terminated.
Mono: successfully reloaded assembly
- Completed reload, in  0.681 seconds
Platform modules already initialized, skipping
Refreshing native plugins compatible for Editor in 0.43 ms, found 1 plugins.
Preloading 0 native plugins for Editor in 0.00 ms.
Unloading 1850 Unused Serialized files (Serialized files now loaded: 0)
System memory in use before: 90.9 MB.
System memory in use after: 90.8 MB.

Unloading 12 unused Assets to reduce memory usage. Loaded Objects now: 2402.
Total: 2.494000 ms (FindLiveObjects: 0.462500 ms CreateObjectMapping: 0.143800 ms MarkObjects: 1.759900 ms  DeleteObjects: 0.126800 ms)

========================================================================
Received Prepare
Registering precompiled user dll's ...
Registered in 0.001109 seconds.
Begin MonoManager ReloadAssembly
Native extension for WindowsStandalone target not found
Native extension for WebGL target not found
Refreshing native plugins compatible for Editor in 0.43 ms, found 1 plugins.
Preloading 0 native plugins for Editor in 0.00 ms.
Invoked RoslynAnalysisRunner static constructor.
RoslynAnalysisRunner will not be running.
RoslynAnalysisRunner has terminated.
Mono: successfully reloaded assembly
- Completed reload, in  0.691 seconds
Platform modules already initialized, skipping
Refreshing native plugins compatible for Editor in 0.42 ms, found 1 plugins.
Preloading 0 native plugins for Editor in 0.00 ms.
Unloading 1850 Unused Serialized files (Serialized files now loaded: 0)
System memory in use before: 90.9 MB.
System memory in use after: 90.9 MB.

Unloading 12 unused Assets to reduce memory usage. Loaded Objects now: 2406.
Total: 2.061100 ms (FindLiveObjects: 0.275200 ms CreateObjectMapping: 0.061200 ms MarkObjects: 1.599200 ms  DeleteObjects: 0.124700 ms)

========================================================================
Received Import Request.
  Time since last request: 402.823431 seconds.
  path: Assets/Skrypty/NPC.cs
  artifactKey: Guid(f4b0164a94d56d0478d8e443ea9778b7) Importer(815301076,1909f56bfc062723c751e8b465ee728b)
Start importing Assets/Skrypty/NPC.cs using Guid(f4b0164a94d56d0478d8e443ea9778b7) Importer(815301076,1909f56bfc062723c751e8b465ee728b)  -> (artifact id: '2a422c8d457ec32e9e49cc937092b7e9') in 0.004082 seconds
  Import took 0.006823 seconds .

========================================================================
Received Prepare
Registering precompiled user dll's ...
Registered in 0.000955 seconds.
Begin MonoManager ReloadAssembly
Native extension for WindowsStandalone target not found
Native extension for WebGL target not found
Refreshing native plugins compatible for Editor in 0.44 ms, found 1 plugins.
Preloading 0 native plugins for Editor in 0.00 ms.
Invoked RoslynAnalysisRunner static constructor.
RoslynAnalysisRunner will not be running.
RoslynAnalysisRunner has terminated.
Mono: successfully reloaded assembly
- Completed reload, in  0.704 seconds
Platform modules already initialized, skipping
Refreshing native plugins compatible for Editor in 0.41 ms, found 1 plugins.
Preloading 0 native plugins for Editor in 0.00 ms.
Unloading 1850 Unused Serialized files (Serialized files now loaded: 0)
System memory in use before: 90.9 MB.
System memory in use after: 90.9 MB.

Unloading 12 unused Assets to reduce memory usage. Loaded Objects now: 2410.
Total: 1.941900 ms (FindLiveObjects: 0.168700 ms CreateObjectMapping: 0.057200 ms MarkObjects: 1.532000 ms  DeleteObjects: 0.183100 ms)

========================================================================
Received Prepare
Registering precompiled user dll's ...
Registered in 0.000970 seconds.
Begin MonoManager ReloadAssembly
Native extension for WindowsStandalone target not found
Native extension for WebGL target not found
Refreshing native plugins compatible for Editor in 0.37 ms, found 1 plugins.
Preloading 0 native plugins for Editor in 0.00 ms.
Invoked RoslynAnalysisRunner static constructor.
RoslynAnalysisRunner will not be running.
RoslynAnalysisRunner has terminated.
Mono: successfully reloaded assembly
- Completed reload, in  0.680 seconds
Platform modules already initialized, skipping
Refreshing native plugins compatible for Editor in 0.42 ms, found 1 plugins.
Preloading 0 native plugins for Editor in 0.00 ms.
Unloading 1850 Unused Serialized files (Serialized files now loaded: 0)
System memory in use before: 90.9 MB.
System memory in use after: 90.9 MB.

Unloading 12 unused Assets to reduce memory usage. Loaded Objects now: 2414.
Total: 1.908500 ms (FindLiveObjects: 0.231900 ms CreateObjectMapping: 0.072300 ms MarkObjects: 1.473500 ms  DeleteObjects: 0.129700 ms)

========================================================================
Received Prepare
Registering precompiled user dll's ...
Registered in 0.001001 seconds.
Begin MonoManager ReloadAssembly
Native extension for WindowsStandalone target not found
Native extension for WebGL target not found
Refreshing native plugins compatible for Editor in 0.45 ms, found 1 plugins.
Preloading 0 native plugins for Editor in 0.00 ms.
Invoked RoslynAnalysisRunner static constructor.
RoslynAnalysisRunner will not be running.
RoslynAnalysisRunner has terminated.
Mono: successfully reloaded assembly
- Completed reload, in  0.714 seconds
Platform modules already initialized, skipping
Refreshing native plugins compatible for Editor in 0.42 ms, found 1 plugins.
Preloading 0 native plugins for Editor in 0.00 ms.
Unloading 1850 Unused Serialized files (Serialized files now loaded: 0)
System memory in use before: 90.9 MB.
System memory in use after: 90.9 MB.

Unloading 12 unused Assets to reduce memory usage. Loaded Objects now: 2418.
Total: 2.153200 ms (FindLiveObjects: 0.323700 ms CreateObjectMapping: 0.071400 ms MarkObjects: 1.627000 ms  DeleteObjects: 0.129800 ms)

========================================================================
Received Import Request.
  Time since last request: 151.219597 seconds.
  path: Assets/Skrypty/PlayerMovement.cs
  artifactKey: Guid(2f880526fa4d7404d89f32d107a4b54f) Importer(815301076,1909f56bfc062723c751e8b465ee728b)
Start importing Assets/Skrypty/PlayerMovement.cs using Guid(2f880526fa4d7404d89f32d107a4b54f) Importer(815301076,1909f56bfc062723c751e8b465ee728b)  -> (artifact id: 'e06040725252cba378353fa17566e287') in 0.004645 seconds
  Import took 0.007352 seconds .

========================================================================
Received Import Request.
  Time since last request: 0.000765 seconds.
  path: Assets/Skrypty/PlayerMovement.cs
  artifactKey: Guid(2f880526fa4d7404d89f32d107a4b54f) Importer(815301076,1909f56bfc062723c751e8b465ee728b)
Start importing Assets/Skrypty/PlayerMovement.cs using Guid(2f880526fa4d7404d89f32d107a4b54f) Importer(815301076,1909f56bfc062723c751e8b465ee728b)  -> (artifact id: 'e06040725252cba378353fa17566e287') in 0.001822 seconds
  Import took 0.004502 seconds .

========================================================================
Received Import Request.
  Time since last request: 127.726872 seconds.
  path: Assets/Skrypty/DialogueManager.cs
  artifactKey: Guid(52ced372fe915d849b3a40a567dadca5) Importer(815301076,1909f56bfc062723c751e8b465ee728b)
Start importing Assets/Skrypty/DialogueManager.cs using Guid(52ced372fe915d849b3a40a567dadca5) Importer(815301076,1909f56bfc062723c751e8b465ee728b)  -> (artifact id: 'e2baf7d1b445ed9af7556272733dda1c') in 0.001977 seconds
  Import took 0.004563 seconds .

========================================================================
Received Prepare
Registering precompiled user dll's ...
Registered in 0.001111 seconds.
Begin MonoManager ReloadAssembly
Native extension for WindowsStandalone target not found
Native extension for WebGL target not found
Refreshing native plugins compatible for Editor in 0.41 ms, found 1 plugins.
Preloading 0 native plugins for Editor in 0.00 ms.
Invoked RoslynAnalysisRunner static constructor.
RoslynAnalysisRunner will not be running.
RoslynAnalysisRunner has terminated.
Mono: successfully reloaded assembly
- Completed reload, in  0.698 seconds
Platform modules already initialized, skipping
Refreshing native plugins compatible for Editor in 0.41 ms, found 1 plugins.
Preloading 0 native plugins for Editor in 0.00 ms.
Unloading 1850 Unused Serialized files (Serialized files now loaded: 0)
System memory in use before: 90.9 MB.
System memory in use after: 90.9 MB.

Unloading 12 unused Assets to reduce memory usage. Loaded Objects now: 2422.
Total: 2.108000 ms (FindLiveObjects: 0.322500 ms CreateObjectMapping: 0.074900 ms MarkObjects: 1.580100 ms  DeleteObjects: 0.129600 ms)

========================================================================
Received Prepare
Registering precompiled user dll's ...
Registered in 0.001006 seconds.
Begin MonoManager ReloadAssembly
Native extension for WindowsStandalone target not found
Native extension for WebGL target not found
Refreshing native plugins compatible for Editor in 0.40 ms, found 1 plugins.
Preloading 0 native plugins for Editor in 0.00 ms.
Invoked RoslynAnalysisRunner static constructor.
RoslynAnalysisRunner will not be running.
RoslynAnalysisRunner has terminated.
Mono: successfully reloaded assembly
- Completed reload, in  0.691 seconds
Platform modules already initialized, skipping
Refreshing native plugins compatible for Editor in 0.43 ms, found 1 plugins.
Preloading 0 native plugins for Editor in 0.00 ms.
Unloading 1850 Unused Serialized files (Serialized files now loaded: 0)
System memory in use before: 90.9 MB.
System memory in use after: 90.9 MB.

Unloading 12 unused Assets to reduce memory usage. Loaded Objects now: 2426.
Total: 1.969500 ms (FindLiveObjects: 0.175400 ms CreateObjectMapping: 0.062800 ms MarkObjects: 1.602400 ms  DeleteObjects: 0.128200 ms)

========================================================================
Received Prepare
Registering precompiled user dll's ...
Registered in 0.001019 seconds.
Begin MonoManager ReloadAssembly
Native extension for WindowsStandalone target not found
Native extension for WebGL target not found
Refreshing native plugins compatible for Editor in 0.46 ms, found 1 plugins.
Preloading 0 native plugins for Editor in 0.00 ms.
Invoked RoslynAnalysisRunner static constructor.
RoslynAnalysisRunner will not be running.
RoslynAnalysisRunner has terminated.
Mono: successfully reloaded assembly
- Completed reload, in  0.684 seconds
Platform modules already initialized, skipping
Refreshing native plugins compatible for Editor in 0.43 ms, found 1 plugins.
Preloading 0 native plugins for Editor in 0.00 ms.
Unloading 1850 Unused Serialized files (Serialized files now loaded: 0)
System memory in use before: 90.9 MB.
System memory in use after: 90.9 MB.

Unloading 12 unused Assets to reduce memory usage. Loaded Objects now: 2430.
Total: 2.064800 ms (FindLiveObjects: 0.266800 ms CreateObjectMapping: 0.054200 ms MarkObjects: 1.616200 ms  DeleteObjects: 0.127100 ms)

========================================================================
Received Prepare
Registering precompiled user dll's ...
Registered in 0.001005 seconds.
Begin MonoManager ReloadAssembly
Native extension for WindowsStandalone target not found
Native extension for WebGL target not found
Refreshing native plugins compatible for Editor in 0.41 ms, found 1 plugins.
Preloading 0 native plugins for Editor in 0.00 ms.
Invoked RoslynAnalysisRunner static constructor.
RoslynAnalysisRunner will not be running.
RoslynAnalysisRunner has terminated.
Mono: successfully reloaded assembly
- Completed reload, in  0.684 seconds
Platform modules already initialized, skipping
Refreshing native plugins compatible for Editor in 0.42 ms, found 1 plugins.
Preloading 0 native plugins for Editor in 0.00 ms.
Unloading 1850 Unused Serialized files (Serialized files now loaded: 0)
System memory in use before: 90.9 MB.
System memory in use after: 90.9 MB.

Unloading 12 unused Assets to reduce memory usage. Loaded Objects now: 2434.
Total: 2.032000 ms (FindLiveObjects: 0.187200 ms CreateObjectMapping: 0.069500 ms MarkObjects: 1.677300 ms  DeleteObjects: 0.097000 ms)

========================================================================
Received Prepare
Registering precompiled user dll's ...
Registered in 0.001046 seconds.
Begin MonoManager ReloadAssembly
Native extension for WindowsStandalone target not found
Native extension for WebGL target not found
Refreshing native plugins compatible for Editor in 0.52 ms, found 1 plugins.
Preloading 0 native plugins for Editor in 0.00 ms.
Invoked RoslynAnalysisRunner static constructor.
RoslynAnalysisRunner will not be running.
RoslynAnalysisRunner has terminated.
Mono: successfully reloaded assembly
- Completed reload, in  0.682 seconds
Platform modules already initialized, skipping
Refreshing native plugins compatible for Editor in 0.42 ms, found 1 plugins.
Preloading 0 native plugins for Editor in 0.00 ms.
Unloading 1850 Unused Serialized files (Serialized files now loaded: 0)
System memory in use before: 91.0 MB.
System memory in use after: 90.9 MB.

Unloading 12 unused Assets to reduce memory usage. Loaded Objects now: 2438.
Total: 1.853500 ms (FindLiveObjects: 0.183400 ms CreateObjectMapping: 0.058200 ms MarkObjects: 1.521400 ms  DeleteObjects: 0.089700 ms)

========================================================================
Received Prepare
Registering precompiled user dll's ...
Registered in 0.001020 seconds.
Begin MonoManager ReloadAssembly
Native extension for WindowsStandalone target not found
Native extension for WebGL target not found
Refreshing native plugins compatible for Editor in 0.42 ms, found 1 plugins.
Preloading 0 native plugins for Editor in 0.00 ms.
Invoked RoslynAnalysisRunner static constructor.
RoslynAnalysisRunner will not be running.
RoslynAnalysisRunner has terminated.
Mono: successfully reloaded assembly
- Completed reload, in  0.701 seconds
Platform modules already initialized, skipping
Refreshing native plugins compatible for Editor in 0.41 ms, found 1 plugins.
Preloading 0 native plugins for Editor in 0.00 ms.
Unloading 1850 Unused Serialized files (Serialized files now loaded: 0)
System memory in use before: 91.0 MB.
System memory in use after: 91.0 MB.

Unloading 12 unused Assets to reduce memory usage. Loaded Objects now: 2442.
Total: 1.857600 ms (FindLiveObjects: 0.188400 ms CreateObjectMapping: 0.063200 ms MarkObjects: 1.509200 ms  DeleteObjects: 0.095600 ms)

========================================================================
Received Import Request.
  Time since last request: 1470.698211 seconds.
  path: Assets/Skrypty/PlayerEconomy.cs
  artifactKey: Guid(f40d62f329d58ea44865dc06f548bdb9) Importer(815301076,1909f56bfc062723c751e8b465ee728b)
Start importing Assets/Skrypty/PlayerEconomy.cs using Guid(f40d62f329d58ea44865dc06f548bdb9) Importer(815301076,1909f56bfc062723c751e8b465ee728b)  -> (artifact id: '4f454f2fb663041ea397493619453b56') in 0.004387 seconds
  Import took 0.007119 seconds .

========================================================================
Received Prepare
Registering precompiled user dll's ...
Registered in 0.001267 seconds.
Begin MonoManager ReloadAssembly
Native extension for WindowsStandalone target not found
Native extension for WebGL target not found
Refreshing native plugins compatible for Editor in 0.41 ms, found 1 plugins.
Preloading 0 native plugins for Editor in 0.00 ms.
Invoked RoslynAnalysisRunner static constructor.
RoslynAnalysisRunner will not be running.
RoslynAnalysisRunner has terminated.
Mono: successfully reloaded assembly
- Completed reload, in  0.688 seconds
Platform modules already initialized, skipping
Refreshing native plugins compatible for Editor in 0.41 ms, found 1 plugins.
Preloading 0 native plugins for Editor in 0.00 ms.
Unloading 1850 Unused Serialized files (Serialized files now loaded: 0)
System memory in use before: 91.0 MB.
System memory in use after: 91.0 MB.

Unloading 12 unused Assets to reduce memory usage. Loaded Objects now: 2446.
Total: 2.118800 ms (FindLiveObjects: 0.213700 ms CreateObjectMapping: 0.059600 ms MarkObjects: 1.722500 ms  DeleteObjects: 0.122000 ms)

========================================================================
Received Prepare
Registering precompiled user dll's ...
Registered in 0.001027 seconds.
Begin MonoManager ReloadAssembly
Native extension for WindowsStandalone target not found
Native extension for WebGL target not found
Refreshing native plugins compatible for Editor in 0.46 ms, found 1 plugins.
Preloading 0 native plugins for Editor in 0.00 ms.
Invoked RoslynAnalysisRunner static constructor.
RoslynAnalysisRunner will not be running.
RoslynAnalysisRunner has terminated.
Mono: successfully reloaded assembly
- Completed reload, in  0.708 seconds
Platform modules already initialized, skipping
Refreshing native plugins compatible for Editor in 0.41 ms, found 1 plugins.
Preloading 0 native plugins for Editor in 0.00 ms.
Unloading 1850 Unused Serialized files (Serialized files now loaded: 0)
System memory in use before: 91.0 MB.
System memory in use after: 91.0 MB.

Unloading 12 unused Assets to reduce memory usage. Loaded Objects now: 2450.
Total: 2.266700 ms (FindLiveObjects: 0.336700 ms CreateObjectMapping: 0.085100 ms MarkObjects: 1.710800 ms  DeleteObjects: 0.132500 ms)

========================================================================
Received Prepare
Registering precompiled user dll's ...
Registered in 0.000956 seconds.
Begin MonoManager ReloadAssembly
Native extension for WindowsStandalone target not found
Native extension for WebGL target not found
Refreshing native plugins compatible for Editor in 0.41 ms, found 1 plugins.
Preloading 0 native plugins for Editor in 0.00 ms.
Invoked RoslynAnalysisRunner static constructor.
RoslynAnalysisRunner will not be running.
RoslynAnalysisRunner has terminated.
Mono: successfully reloaded assembly
- Completed reload, in  0.695 seconds
Platform modules already initialized, skipping
Refreshing native plugins compatible for Editor in 0.41 ms, found 1 plugins.
Preloading 0 native plugins for Editor in 0.00 ms.
Unloading 1850 Unused Serialized files (Serialized files now loaded: 0)
System memory in use before: 91.0 MB.
System memory in use after: 91.0 MB.

Unloading 12 unused Assets to reduce memory usage. Loaded Objects now: 2454.
Total: 2.271000 ms (FindLiveObjects: 0.275300 ms CreateObjectMapping: 0.064700 ms MarkObjects: 1.801300 ms  DeleteObjects: 0.128900 ms)

========================================================================
Received Prepare
Registering precompiled user dll's ...
Registered in 0.001180 seconds.
Begin MonoManager ReloadAssembly
Native extension for WindowsStandalone target not found
Native extension for WebGL target not found
Refreshing native plugins compatible for Editor in 0.41 ms, found 1 plugins.
Preloading 0 native plugins for Editor in 0.00 ms.
Invoked RoslynAnalysisRunner static constructor.
RoslynAnalysisRunner will not be running.
RoslynAnalysisRunner has terminated.
Mono: successfully reloaded assembly
- Completed reload, in  0.696 seconds
Platform modules already initialized, skipping
Refreshing native plugins compatible for Editor in 0.41 ms, found 1 plugins.
Preloading 0 native plugins for Editor in 0.00 ms.
Unloading 1850 Unused Serialized files (Serialized files now loaded: 0)
System memory in use before: 91.0 MB.
System memory in use after: 91.0 MB.

Unloading 12 unused Assets to reduce memory usage. Loaded Objects now: 2458.
Total: 2.375800 ms (FindLiveObjects: 0.338700 ms CreateObjectMapping: 0.086600 ms MarkObjects: 1.811800 ms  DeleteObjects: 0.137300 ms)

========================================================================
Received Prepare
Registering precompiled user dll's ...
Registered in 0.001051 seconds.
Begin MonoManager ReloadAssembly
Native extension for WindowsStandalone target not found
Native extension for WebGL target not found
Refreshing native plugins compatible for Editor in 0.49 ms, found 1 plugins.
Preloading 0 native plugins for Editor in 0.00 ms.
Invoked RoslynAnalysisRunner static constructor.
RoslynAnalysisRunner will not be running.
RoslynAnalysisRunner has terminated.
Mono: successfully reloaded assembly
- Completed reload, in  0.681 seconds
Platform modules already initialized, skipping
Refreshing native plugins compatible for Editor in 0.47 ms, found 1 plugins.
Preloading 0 native plugins for Editor in 0.00 ms.
Unloading 1850 Unused Serialized files (Serialized files now loaded: 0)
System memory in use before: 91.0 MB.
System memory in use after: 91.0 MB.

Unloading 12 unused Assets to reduce memory usage. Loaded Objects now: 2462.
Total: 1.994600 ms (FindLiveObjects: 0.206900 ms CreateObjectMapping: 0.058800 ms MarkObjects: 1.572800 ms  DeleteObjects: 0.155300 ms)

========================================================================
Received Prepare
Registering precompiled user dll's ...
Registered in 0.001008 seconds.
Begin MonoManager ReloadAssembly
Native extension for WindowsStandalone target not found
Native extension for WebGL target not found
Refreshing native plugins compatible for Editor in 0.41 ms, found 1 plugins.
Preloading 0 native plugins for Editor in 0.00 ms.
Invoked RoslynAnalysisRunner static constructor.
RoslynAnalysisRunner will not be running.
RoslynAnalysisRunner has terminated.
Mono: successfully reloaded assembly
- Completed reload, in  0.714 seconds
Platform modules already initialized, skipping
Refreshing native plugins compatible for Editor in 0.42 ms, found 1 plugins.
Preloading 0 native plugins for Editor in 0.00 ms.
Unloading 1850 Unused Serialized files (Serialized files now loaded: 0)
System memory in use before: 91.0 MB.
System memory in use after: 91.0 MB.

Unloading 12 unused Assets to reduce memory usage. Loaded Objects now: 2466.
Total: 2.081900 ms (FindLiveObjects: 0.193000 ms CreateObjectMapping: 0.069700 ms MarkObjects: 1.679500 ms  DeleteObjects: 0.138700 ms)

========================================================================
Received Prepare
Registering precompiled user dll's ...
Registered in 0.001066 seconds.
Begin MonoManager ReloadAssembly
Native extension for WindowsStandalone target not found
Native extension for WebGL target not found
Refreshing native plugins compatible for Editor in 0.45 ms, found 1 plugins.
Preloading 0 native plugins for Editor in 0.00 ms.
Invoked RoslynAnalysisRunner static constructor.
RoslynAnalysisRunner will not be running.
RoslynAnalysisRunner has terminated.
Mono: successfully reloaded assembly
- Completed reload, in  0.734 seconds
Platform modules already initialized, skipping
Refreshing native plugins compatible for Editor in 0.41 ms, found 1 plugins.
Preloading 0 native plugins for Editor in 0.00 ms.
Unloading 1850 Unused Serialized files (Serialized files now loaded: 0)
System memory in use before: 91.0 MB.
System memory in use after: 91.0 MB.

Unloading 12 unused Assets to reduce memory usage. Loaded Objects now: 2470.
Total: 2.328600 ms (FindLiveObjects: 0.436300 ms CreateObjectMapping: 0.077000 ms MarkObjects: 1.685300 ms  DeleteObjects: 0.129200 ms)

========================================================================
Received Prepare
Registering precompiled user dll's ...
Registered in 0.001275 seconds.
Begin MonoManager ReloadAssembly
Native extension for WindowsStandalone target not found
Native extension for WebGL target not found
Refreshing native plugins compatible for Editor in 0.40 ms, found 1 plugins.
Preloading 0 native plugins for Editor in 0.00 ms.
Invoked RoslynAnalysisRunner static constructor.
RoslynAnalysisRunner will not be running.
RoslynAnalysisRunner has terminated.
Mono: successfully reloaded assembly
- Completed reload, in  0.714 seconds
Platform modules already initialized, skipping
Refreshing native plugins compatible for Editor in 0.45 ms, found 1 plugins.
Preloading 0 native plugins for Editor in 0.00 ms.
Unloading 1850 Unused Serialized files (Serialized files now loaded: 0)
System memory in use before: 91.0 MB.
System memory in use after: 91.0 MB.

Unloading 12 unused Assets to reduce memory usage. Loaded Objects now: 2474.
Total: 2.045100 ms (FindLiveObjects: 0.188600 ms CreateObjectMapping: 0.070100 ms MarkObjects: 1.641600 ms  DeleteObjects: 0.143900 ms)

========================================================================
Received Prepare
Registering precompiled user dll's ...
Registered in 0.001053 seconds.
Begin MonoManager ReloadAssembly
Native extension for WindowsStandalone target not found
Native extension for WebGL target not found
Refreshing native plugins compatible for Editor in 0.48 ms, found 1 plugins.
Preloading 0 native plugins for Editor in 0.00 ms.
Invoked RoslynAnalysisRunner static constructor.
RoslynAnalysisRunner will not be running.
RoslynAnalysisRunner has terminated.
Mono: successfully reloaded assembly
- Completed reload, in  0.705 seconds
Platform modules already initialized, skipping
Refreshing native plugins compatible for Editor in 0.51 ms, found 1 plugins.
Preloading 0 native plugins for Editor in 0.00 ms.
Unloading 1850 Unused Serialized files (Serialized files now loaded: 0)
System memory in use before: 91.0 MB.
System memory in use after: 91.0 MB.

Unloading 12 unused Assets to reduce memory usage. Loaded Objects now: 2478.
Total: 2.165700 ms (FindLiveObjects: 0.449800 ms CreateObjectMapping: 0.097600 ms MarkObjects: 1.517400 ms  DeleteObjects: 0.099700 ms)

========================================================================
Received Prepare
Registering precompiled user dll's ...
Registered in 0.001154 seconds.
Begin MonoManager ReloadAssembly
Native extension for WindowsStandalone target not found
Native extension for WebGL target not found
Refreshing native plugins compatible for Editor in 0.43 ms, found 1 plugins.
Preloading 0 native plugins for Editor in 0.00 ms.
Invoked RoslynAnalysisRunner static constructor.
RoslynAnalysisRunner will not be running.
RoslynAnalysisRunner has terminated.
Mono: successfully reloaded assembly
- Completed reload, in  0.701 seconds
Platform modules already initialized, skipping
Refreshing native plugins compatible for Editor in 0.42 ms, found 1 plugins.
Preloading 0 native plugins for Editor in 0.00 ms.
Unloading 1850 Unused Serialized files (Serialized files now loaded: 0)
System memory in use before: 91.0 MB.
System memory in use after: 91.0 MB.

Unloading 12 unused Assets to reduce memory usage. Loaded Objects now: 2482.
Total: 2.531300 ms (FindLiveObjects: 0.302000 ms CreateObjectMapping: 0.089000 ms MarkObjects: 1.993600 ms  DeleteObjects: 0.145800 ms)

========================================================================
Received Prepare
Registering precompiled user dll's ...
Registered in 0.001061 seconds.
Begin MonoManager ReloadAssembly
Native extension for WindowsStandalone target not found
Native extension for WebGL target not found
Refreshing native plugins compatible for Editor in 0.42 ms, found 1 plugins.
Preloading 0 native plugins for Editor in 0.00 ms.
Invoked RoslynAnalysisRunner static constructor.
RoslynAnalysisRunner will not be running.
RoslynAnalysisRunner has terminated.
Mono: successfully reloaded assembly
- Completed reload, in  0.719 seconds
Platform modules already initialized, skipping
Refreshing native plugins compatible for Editor in 0.41 ms, found 1 plugins.
Preloading 0 native plugins for Editor in 0.00 ms.
Unloading 1850 Unused Serialized files (Serialized files now loaded: 0)
System memory in use before: 91.1 MB.
System memory in use after: 91.0 MB.

Unloading 12 unused Assets to reduce memory usage. Loaded Objects now: 2486.
Total: 2.324100 ms (FindLiveObjects: 0.265200 ms CreateObjectMapping: 0.071400 ms MarkObjects: 1.889500 ms  DeleteObjects: 0.096900 ms)

========================================================================
Received Prepare
Registering precompiled user dll's ...
Registered in 0.001410 seconds.
Begin MonoManager ReloadAssembly
Native extension for WindowsStandalone target not found
Native extension for WebGL target not found
Refreshing native plugins compatible for Editor in 0.43 ms, found 1 plugins.
Preloading 0 native plugins for Editor in 0.00 ms.
Invoked RoslynAnalysisRunner static constructor.
RoslynAnalysisRunner will not be running.
RoslynAnalysisRunner has terminated.
Mono: successfully reloaded assembly
- Completed reload, in  0.705 seconds
Platform modules already initialized, skipping
Refreshing native plugins compatible for Editor in 0.41 ms, found 1 plugins.
Preloading 0 native plugins for Editor in 0.00 ms.
Unloading 1850 Unused Serialized files (Serialized files now loaded: 0)
System memory in use before: 91.1 MB.
System memory in use after: 91.1 MB.

Unloading 12 unused Assets to reduce memory usage. Loaded Objects now: 2490.
Total: 2.126100 ms (FindLiveObjects: 0.291700 ms CreateObjectMapping: 0.116900 ms MarkObjects: 1.620500 ms  DeleteObjects: 0.096300 ms)

========================================================================
Received Prepare
Registering precompiled user dll's ...
Registered in 0.001023 seconds.
Begin MonoManager ReloadAssembly
Native extension for WindowsStandalone target not found
Native extension for WebGL target not found
Refreshing native plugins compatible for Editor in 0.49 ms, found 1 plugins.
Preloading 0 native plugins for Editor in 0.00 ms.
Invoked RoslynAnalysisRunner static constructor.
RoslynAnalysisRunner will not be running.
RoslynAnalysisRunner has terminated.
Mono: successfully reloaded assembly
- Completed reload, in  0.697 seconds
Platform modules already initialized, skipping
Refreshing native plugins compatible for Editor in 0.41 ms, found 1 plugins.
Preloading 0 native plugins for Editor in 0.00 ms.
Unloading 1850 Unused Serialized files (Serialized files now loaded: 0)
System memory in use before: 91.1 MB.
System memory in use after: 91.1 MB.

Unloading 12 unused Assets to reduce memory usage. Loaded Objects now: 2494.
Total: 2.141500 ms (FindLiveObjects: 0.322100 ms CreateObjectMapping: 0.056000 ms MarkObjects: 1.611400 ms  DeleteObjects: 0.150900 ms)

========================================================================
Received Prepare
Registering precompiled user dll's ...
Registered in 0.001014 seconds.
Begin MonoManager ReloadAssembly
Native extension for WindowsStandalone target not found
Native extension for WebGL target not found
Refreshing native plugins compatible for Editor in 0.44 ms, found 1 plugins.
Preloading 0 native plugins for Editor in 0.00 ms.
Invoked RoslynAnalysisRunner static constructor.
RoslynAnalysisRunner will not be running.
RoslynAnalysisRunner has terminated.
Mono: successfully reloaded assembly
- Completed reload, in  0.689 seconds
Platform modules already initialized, skipping
Refreshing native plugins compatible for Editor in 0.42 ms, found 1 plugins.
Preloading 0 native plugins for Editor in 0.00 ms.
Unloading 1850 Unused Serialized files (Serialized files now loaded: 0)
System memory in use before: 91.1 MB.
System memory in use after: 91.1 MB.

Unloading 12 unused Assets to reduce memory usage. Loaded Objects now: 2498.
Total: 2.110800 ms (FindLiveObjects: 0.214200 ms CreateObjectMapping: 0.074100 ms MarkObjects: 1.726200 ms  DeleteObjects: 0.095500 ms)

========================================================================
Received Prepare
Registering precompiled user dll's ...
Registered in 0.001153 seconds.
Begin MonoManager ReloadAssembly
Native extension for WindowsStandalone target not found
Native extension for WebGL target not found
Refreshing native plugins compatible for Editor in 0.41 ms, found 1 plugins.
Preloading 0 native plugins for Editor in 0.00 ms.
Invoked RoslynAnalysisRunner static constructor.
RoslynAnalysisRunner will not be running.
RoslynAnalysisRunner has terminated.
Mono: successfully reloaded assembly
- Completed reload, in  0.707 seconds
Platform modules already initialized, skipping
Refreshing native plugins compatible for Editor in 0.42 ms, found 1 plugins.
Preloading 0 native plugins for Editor in 0.00 ms.
Unloading 1850 Unused Serialized files (Serialized files now loaded: 0)
System memory in use before: 91.1 MB.
System memory in use after: 91.1 MB.

Unloading 12 unused Assets to reduce memory usage. Loaded Objects now: 2502.
Total: 2.027200 ms (FindLiveObjects: 0.208900 ms CreateObjectMapping: 0.086200 ms MarkObjects: 1.602400 ms  DeleteObjects: 0.128700 ms)

========================================================================
Received Prepare
Registering precompiled user dll's ...
Registered in 0.001105 seconds.
Begin MonoManager ReloadAssembly
Native extension for WindowsStandalone target not found
Native extension for WebGL target not found
Refreshing native plugins compatible for Editor in 0.43 ms, found 1 plugins.
Preloading 0 native plugins for Editor in 0.00 ms.
Invoked RoslynAnalysisRunner static constructor.
RoslynAnalysisRunner will not be running.
RoslynAnalysisRunner has terminated.
Mono: successfully reloaded assembly
- Completed reload, in  0.736 seconds
Platform modules already initialized, skipping
Refreshing native plugins compatible for Editor in 0.44 ms, found 1 plugins.
Preloading 0 native plugins for Editor in 0.00 ms.
Unloading 1850 Unused Serialized files (Serialized files now loaded: 0)
System memory in use before: 91.1 MB.
System memory in use after: 91.1 MB.

Unloading 12 unused Assets to reduce memory usage. Loaded Objects now: 2506.
Total: 2.005500 ms (FindLiveObjects: 0.283200 ms CreateObjectMapping: 0.076000 ms MarkObjects: 1.549000 ms  DeleteObjects: 0.096300 ms)

========================================================================
Received Prepare
Registering precompiled user dll's ...
Registered in 0.001095 seconds.
Begin MonoManager ReloadAssembly
Native extension for WindowsStandalone target not found
Native extension for WebGL target not found
Refreshing native plugins compatible for Editor in 0.41 ms, found 1 plugins.
Preloading 0 native plugins for Editor in 0.00 ms.
Invoked RoslynAnalysisRunner static constructor.
RoslynAnalysisRunner will not be running.
RoslynAnalysisRunner has terminated.
Mono: successfully reloaded assembly
- Completed reload, in  0.700 seconds
Platform modules already initialized, skipping
Refreshing native plugins compatible for Editor in 0.41 ms, found 1 plugins.
Preloading 0 native plugins for Editor in 0.00 ms.
Unloading 1850 Unused Serialized files (Serialized files now loaded: 0)
System memory in use before: 91.1 MB.
System memory in use after: 91.1 MB.

Unloading 12 unused Assets to reduce memory usage. Loaded Objects now: 2510.
Total: 1.743200 ms (FindLiveObjects: 0.235700 ms CreateObjectMapping: 0.061200 ms MarkObjects: 1.345400 ms  DeleteObjects: 0.099800 ms)

========================================================================
Received Prepare
Registering precompiled user dll's ...
Registered in 0.000985 seconds.
Begin MonoManager ReloadAssembly
Native extension for WindowsStandalone target not found
Native extension for WebGL target not found
Refreshing native plugins compatible for Editor in 0.41 ms, found 1 plugins.
Preloading 0 native plugins for Editor in 0.00 ms.
Invoked RoslynAnalysisRunner static constructor.
RoslynAnalysisRunner will not be running.
RoslynAnalysisRunner has terminated.
Mono: successfully reloaded assembly
- Completed reload, in  0.721 seconds
Platform modules already initialized, skipping
Refreshing native plugins compatible for Editor in 0.41 ms, found 1 plugins.
Preloading 0 native plugins for Editor in 0.00 ms.
Unloading 1850 Unused Serialized files (Serialized files now loaded: 0)
System memory in use before: 91.1 MB.
System memory in use after: 91.1 MB.

Unloading 12 unused Assets to reduce memory usage. Loaded Objects now: 2514.
Total: 2.495300 ms (FindLiveObjects: 0.323200 ms CreateObjectMapping: 0.102700 ms MarkObjects: 1.929800 ms  DeleteObjects: 0.138600 ms)

========================================================================
Received Prepare
Registering precompiled user dll's ...
Registered in 0.000973 seconds.
Begin MonoManager ReloadAssembly
Native extension for WindowsStandalone target not found
Native extension for WebGL target not found
Refreshing native plugins compatible for Editor in 0.39 ms, found 1 plugins.
Preloading 0 native plugins for Editor in 0.00 ms.
Invoked RoslynAnalysisRunner static constructor.
RoslynAnalysisRunner will not be running.
RoslynAnalysisRunner has terminated.
Mono: successfully reloaded assembly
- Completed reload, in  0.671 seconds
Platform modules already initialized, skipping
Refreshing native plugins compatible for Editor in 0.46 ms, found 1 plugins.
Preloading 0 native plugins for Editor in 0.00 ms.
Unloading 1850 Unused Serialized files (Serialized files now loaded: 0)
System memory in use before: 91.1 MB.
System memory in use after: 91.1 MB.

Unloading 12 unused Assets to reduce memory usage. Loaded Objects now: 2518.
Total: 1.887500 ms (FindLiveObjects: 0.197800 ms CreateObjectMapping: 0.062500 ms MarkObjects: 1.511200 ms  DeleteObjects: 0.114800 ms)

========================================================================
Received Prepare
Registering precompiled user dll's ...
Registered in 0.001005 seconds.
Begin MonoManager ReloadAssembly
Native extension for WindowsStandalone target not found
Native extension for WebGL target not found
Refreshing native plugins compatible for Editor in 0.67 ms, found 1 plugins.
Preloading 0 native plugins for Editor in 0.00 ms.
Invoked RoslynAnalysisRunner static constructor.
RoslynAnalysisRunner will not be running.
RoslynAnalysisRunner has terminated.
Mono: successfully reloaded assembly
- Completed reload, in  0.702 seconds
Platform modules already initialized, skipping
Refreshing native plugins compatible for Editor in 0.47 ms, found 1 plugins.
Preloading 0 native plugins for Editor in 0.00 ms.
Unloading 1850 Unused Serialized files (Serialized files now loaded: 0)
System memory in use before: 91.1 MB.
System memory in use after: 91.1 MB.

Unloading 12 unused Assets to reduce memory usage. Loaded Objects now: 2522.
Total: 1.971600 ms (FindLiveObjects: 0.222600 ms CreateObjectMapping: 0.075000 ms MarkObjects: 1.514700 ms  DeleteObjects: 0.158500 ms)

========================================================================
Received Prepare
Registering precompiled user dll's ...
Registered in 0.001043 seconds.
Begin MonoManager ReloadAssembly
Native extension for WindowsStandalone target not found
Native extension for WebGL target not found
Refreshing native plugins compatible for Editor in 0.55 ms, found 1 plugins.
Preloading 0 native plugins for Editor in 0.00 ms.
Invoked RoslynAnalysisRunner static constructor.
RoslynAnalysisRunner will not be running.
RoslynAnalysisRunner has terminated.
Mono: successfully reloaded assembly
- Completed reload, in  0.745 seconds
Platform modules already initialized, skipping
Refreshing native plugins compatible for Editor in 0.42 ms, found 1 plugins.
Preloading 0 native plugins for Editor in 0.00 ms.
Unloading 1850 Unused Serialized files (Serialized files now loaded: 0)
System memory in use before: 91.1 MB.
System memory in use after: 91.1 MB.

Unloading 12 unused Assets to reduce memory usage. Loaded Objects now: 2526.
Total: 2.536200 ms (FindLiveObjects: 0.227500 ms CreateObjectMapping: 0.057800 ms MarkObjects: 2.121000 ms  DeleteObjects: 0.128600 ms)

========================================================================
Received Prepare
Registering precompiled user dll's ...
Registered in 0.001071 seconds.
Begin MonoManager ReloadAssembly
Native extension for WindowsStandalone target not found
Native extension for WebGL target not found
Refreshing native plugins compatible for Editor in 0.40 ms, found 1 plugins.
Preloading 0 native plugins for Editor in 0.00 ms.
Invoked RoslynAnalysisRunner static constructor.
RoslynAnalysisRunner will not be running.
RoslynAnalysisRunner has terminated.
Mono: successfully reloaded assembly
- Completed reload, in  0.683 seconds
Platform modules already initialized, skipping
Refreshing native plugins compatible for Editor in 0.41 ms, found 1 plugins.
Preloading 0 native plugins for Editor in 0.00 ms.
Unloading 1850 Unused Serialized files (Serialized files now loaded: 0)
System memory in use before: 91.1 MB.
System memory in use after: 91.1 MB.

Unloading 12 unused Assets to reduce memory usage. Loaded Objects now: 2530.
Total: 1.996200 ms (FindLiveObjects: 0.200900 ms CreateObjectMapping: 0.070500 ms MarkObjects: 1.615200 ms  DeleteObjects: 0.108500 ms)

========================================================================
Received Prepare
Registering precompiled user dll's ...
Registered in 0.001192 seconds.
Begin MonoManager ReloadAssembly
Native extension for WindowsStandalone target not found
Native extension for WebGL target not found
Refreshing native plugins compatible for Editor in 0.54 ms, found 1 plugins.
Preloading 0 native plugins for Editor in 0.00 ms.
Invoked RoslynAnalysisRunner static constructor.
RoslynAnalysisRunner will not be running.
RoslynAnalysisRunner has terminated.
Mono: successfully reloaded assembly
- Completed reload, in  0.712 seconds
Platform modules already initialized, skipping
Refreshing native plugins compatible for Editor in 0.41 ms, found 1 plugins.
Preloading 0 native plugins for Editor in 0.00 ms.
Unloading 1850 Unused Serialized files (Serialized files now loaded: 0)
System memory in use before: 91.2 MB.
System memory in use after: 91.1 MB.

Unloading 12 unused Assets to reduce memory usage. Loaded Objects now: 2534.
Total: 2.140700 ms (FindLiveObjects: 0.294600 ms CreateObjectMapping: 0.062200 ms MarkObjects: 1.645300 ms  DeleteObjects: 0.137500 ms)

========================================================================
Received Prepare
Registering precompiled user dll's ...
Registered in 0.001094 seconds.
Begin MonoManager ReloadAssembly
Native extension for WindowsStandalone target not found
Native extension for WebGL target not found
Refreshing native plugins compatible for Editor in 0.40 ms, found 1 plugins.
Preloading 0 native plugins for Editor in 0.00 ms.
Invoked RoslynAnalysisRunner static constructor.
RoslynAnalysisRunner will not be running.
RoslynAnalysisRunner has terminated.
Mono: successfully reloaded assembly
- Completed reload, in  0.711 seconds
Platform modules already initialized, skipping
Refreshing native plugins compatible for Editor in 0.42 ms, found 1 plugins.
Preloading 0 native plugins for Editor in 0.00 ms.
Unloading 1850 Unused Serialized files (Serialized files now loaded: 0)
System memory in use before: 91.2 MB.
System memory in use after: 91.2 MB.

Unloading 12 unused Assets to reduce memory usage. Loaded Objects now: 2538.
Total: 2.123100 ms (FindLiveObjects: 0.243600 ms CreateObjectMapping: 0.076500 ms MarkObjects: 1.703300 ms  DeleteObjects: 0.099000 ms)

========================================================================
Received Prepare
Registering precompiled user dll's ...
Registered in 0.001114 seconds.
Begin MonoManager ReloadAssembly
Native extension for WindowsStandalone target not found
Native extension for WebGL target not found
Refreshing native plugins compatible for Editor in 0.46 ms, found 1 plugins.
Preloading 0 native plugins for Editor in 0.00 ms.
Invoked RoslynAnalysisRunner static constructor.
RoslynAnalysisRunner will not be running.
RoslynAnalysisRunner has terminated.
Mono: successfully reloaded assembly
- Completed reload, in  0.723 seconds
Platform modules already initialized, skipping
Refreshing native plugins compatible for Editor in 0.43 ms, found 1 plugins.
Preloading 0 native plugins for Editor in 0.00 ms.
Unloading 1850 Unused Serialized files (Serialized files now loaded: 0)
System memory in use before: 91.2 MB.
System memory in use after: 91.2 MB.

Unloading 12 unused Assets to reduce memory usage. Loaded Objects now: 2542.
Total: 2.053500 ms (FindLiveObjects: 0.215900 ms CreateObjectMapping: 0.055700 ms MarkObjects: 1.683900 ms  DeleteObjects: 0.097200 ms)

AssetImportWorkerClient::OnTransportError - code=2 error=End of file
